<?xml version="1.0" encoding="UTF-8"?>
<!-- Generated by org.testng.reporters.JUnitReportReporter -->
<testsuite hostname="DESKTOP-I03TGG4" failures="0" tests="3" name="keywords.Priority" time="0.008" errors="0" timestamp="2022-05-05T14:51:32 IST" skipped="0">
  <testcase classname="keywords.Priority" name="test1" time="0.004"/>
  <system-out/>
  <testcase classname="keywords.Priority" name="test2" time="0.002"/>
  <system-out/>
  <testcase classname="keywords.Priority" name="test3" time="0.002"/>
  <system-out/>
</testsuite> <!-- keywords.Priority -->
