<?xml version="1.0" encoding="UTF-8"?>
<!-- Generated by org.testng.reporters.JUnitReportReporter -->
<testsuite hostname="DESKTOP-I03TGG4" failures="0" tests="3" name="TestNgpractice.basicprogramTestNG" time="0.019" errors="0" timestamp="2022-05-02T17:01:19 IST" skipped="0">
  <testcase classname="TestNgpractice.basicprogramTestNG" name="login" time="0.015"/>
  <system-out>
    <![CDATA[login successful]]>
  </system-out>
  <testcase classname="TestNgpractice.basicprogramTestNG" name="homepage" time="0.002"/>
  <system-out>
    <![CDATA[enter homepage successful]]>
  </system-out>
  <testcase classname="TestNgpractice.basicprogramTestNG" name="logout" time="0.002"/>
  <system-out>
    <![CDATA[logout successful]]>
  </system-out>
</testsuite> <!-- TestNgpractice.basicprogramTestNG -->
