<?xml version="1.0" encoding="UTF-8"?>
<!-- Generated by org.testng.reporters.JUnitReportReporter -->
<testsuite hostname="DESKTOP-I03TGG4" failures="0" tests="1" name="PompageFactory.RegistrationTest" time="12.882" errors="0" timestamp="2022-05-14T23:39:58 IST" skipped="0">
  <testcase classname="PompageFactory.RegistrationTest" name="FacebookRegistrationPageTest" time="12.882"/>
  <system-out>
    <![CDATA[Signup Successful
Registration Successful]]>
  </system-out>
</testsuite> <!-- PompageFactory.RegistrationTest -->
