<?xml version="1.0" encoding="UTF-8"?>
<!-- Generated by org.testng.reporters.JUnitReportReporter -->
<testsuite hostname="DESKTOP-I03TGG4" failures="0" tests="3" name="TestNgpractice.MethodAnnotation" time="0.013" errors="0" timestamp="2022-05-02T17:00:56 IST" skipped="0">
  <testcase classname="TestNgpractice.MethodAnnotation" name="Homepage" time="0.005"/>
  <system-out>
    <![CDATA[****Enter In HomePage****]]>
  </system-out>
  <testcase classname="TestNgpractice.MethodAnnotation" name="Profile" time="0.001"/>
  <system-out>
    <![CDATA[****Enter In ProfilePage****]]>
  </system-out>
  <testcase classname="TestNgpractice.MethodAnnotation" name="Notification" time="0.007"/>
  <system-out>
    <![CDATA[***Enter In Notification***]]>
  </system-out>
</testsuite> <!-- TestNgpractice.MethodAnnotation -->
