<?xml version="1.0" encoding="UTF-8"?>
<!-- Generated by org.testng.reporters.JUnitReportReporter -->
<testsuite hostname="DESKTOP-I03TGG4" failures="0" tests="2" name="AssertPractices.SoftAssert" time="0.046" errors="0" timestamp="2022-05-10T15:31:21 IST" skipped="0">
  <testcase classname="AssertPractices.SoftAssert" name="sample1" time="0.042"/>
  <system-out/>
  <testcase classname="AssertPractices.SoftAssert" name="sample2" time="0.004"/>
  <system-out/>
</testsuite> <!-- AssertPractices.SoftAssert -->
