<?xml version="1.0" encoding="UTF-8"?>
<!-- Generated by org.testng.reporters.JUnitReportReporter -->
<testsuite hostname="DESKTOP-I03TGG4" failures="0" tests="2" name="keywords.EnableEqualToFalse" time="0.007" errors="0" timestamp="2022-05-05T16:14:32 IST" skipped="1">
  <testcase classname="keywords.EnableEqualToFalse" name="ProfilePage" time="0.007"/>
  <system-out/>
  <testcase classname="keywords.EnableEqualToFalse" name="HomePage">
    <skipped/>
  </testcase> <!-- HomePage -->
  <system-out/>
</testsuite> <!-- keywords.EnableEqualToFalse -->
