<?xml version="1.0" encoding="UTF-8"?>
<!-- Generated by org.testng.reporters.JUnitReportReporter -->
<testsuite hostname="DESKTOP-I03TGG4" failures="0" tests="3" name="TestNgpractice.TestAnnotation2" time="0.017" errors="0" timestamp="2022-05-02T17:13:51 IST" skipped="0">
  <testcase classname="TestNgpractice.TestAnnotation2" name="m4" time="0.005"/>
  <system-out>
    <![CDATA[===these is m4 method====]]>
  </system-out>
  <testcase classname="TestNgpractice.TestAnnotation2" name="m6" time="0.003"/>
  <system-out>
    <![CDATA[===these is m6 method====]]>
  </system-out>
  <testcase classname="TestNgpractice.TestAnnotation2" name="m5" time="0.009"/>
  <system-out>
    <![CDATA[===these is m5 method====]]>
  </system-out>
</testsuite> <!-- TestNgpractice.TestAnnotation2 -->
