<?xml version="1.0" encoding="UTF-8"?>
<!-- Generated by org.testng.reporters.JUnitReportReporter -->
<testsuite hostname="DESKTOP-I03TGG4" failures="0" tests="2" name="GroupInTestNG.TestCase3" time="0.006" errors="0" timestamp="2022-05-06T17:32:57 IST" skipped="0">
  <testcase classname="GroupInTestNG.TestCase3" name="Test8" time="0.003"/>
  <system-out/>
  <testcase classname="GroupInTestNG.TestCase3" name="Test7" time="0.003"/>
  <system-out/>
</testsuite> <!-- GroupInTestNG.TestCase3 -->
