<?xml version="1.0" encoding="UTF-8"?>
<!-- Generated by org.testng.reporters.JUnitReportReporter -->
<testsuite hostname="DESKTOP-I03TGG4" failures="0" tests="3" name="TestNgpractice.ClassAnnotation" time="0.016" errors="0" timestamp="2022-05-02T17:01:08 IST" skipped="0">
  <testcase classname="TestNgpractice.ClassAnnotation" name="homepage" time="0.010"/>
  <system-out>
    <![CDATA[==========enter into homepage succesfull=========]]>
  </system-out>
  <testcase classname="TestNgpractice.ClassAnnotation" name="profilepage" time="0.001"/>
  <system-out>
    <![CDATA[===========enter into profilepage succesful========l]]>
  </system-out>
  <testcase classname="TestNgpractice.ClassAnnotation" name="notification" time="0.005"/>
  <system-out>
    <![CDATA[==========enter into notification succesfull===========]]>
  </system-out>
</testsuite> <!-- TestNgpractice.ClassAnnotation -->
