<?xml version="1.0" encoding="UTF-8"?>
<!-- Generated by org.testng.reporters.JUnitReportReporter -->
<testsuite hostname="DESKTOP-I03TGG4" failures="0" tests="3" name="TestNgpractice.TestAnnotation1" time="0.025" errors="0" timestamp="2022-05-02T17:13:51 IST" skipped="0">
  <testcase classname="TestNgpractice.TestAnnotation1" name="m1" time="0.012"/>
  <system-out>
    <![CDATA[===these is m1 method====]]>
  </system-out>
  <testcase classname="TestNgpractice.TestAnnotation1" name="m3" time="0.003"/>
  <system-out>
    <![CDATA[===these is m3 method====]]>
  </system-out>
  <testcase classname="TestNgpractice.TestAnnotation1" name="m2" time="0.010"/>
  <system-out>
    <![CDATA[===these is m3 method====]]>
  </system-out>
</testsuite> <!-- TestNgpractice.TestAnnotation1 -->
