<?xml version="1.0" encoding="UTF-8"?>
<!-- Generated by org.testng.reporters.JUnitReportReporter -->
<testsuite hostname="DESKTOP-I03TGG4" failures="0" tests="6" name="keywords.InvocationCount" time="0.026" errors="0" timestamp="2022-05-05T15:20:06 IST" skipped="0">
  <testcase classname="keywords.InvocationCount" name="HomepageTest" time="0.002"/>
  <system-out/>
  <testcase classname="keywords.InvocationCount" name="HomepageTest" time="0.005"/>
  <system-out/>
  <testcase classname="keywords.InvocationCount" name="HomepageTest" time="0.010"/>
  <system-out/>
  <testcase classname="keywords.InvocationCount" name="ProfilepageTest" time="0.002"/>
  <system-out/>
  <testcase classname="keywords.InvocationCount" name="ProfilepageTest" time="0.005"/>
  <system-out/>
  <testcase classname="keywords.InvocationCount" name="ProfilepageTest" time="0.002"/>
  <system-out/>
</testsuite> <!-- keywords.InvocationCount -->
