<?xml version="1.0" encoding="UTF-8"?>
<!-- Generated by org.testng.reporters.JUnitReportReporter -->
<testsuite hostname="DESKTOP-I03TGG4" failures="0" tests="2" name="GroupInTestNG.TestCase1" time="0.009" errors="0" timestamp="2022-05-06T17:32:57 IST" skipped="0">
  <testcase classname="GroupInTestNG.TestCase1" name="Test1" time="0.007"/>
  <system-out/>
  <testcase classname="GroupInTestNG.TestCase1" name="Test2" time="0.002"/>
  <system-out/>
</testsuite> <!-- GroupInTestNG.TestCase1 -->
