<?xml version="1.0" encoding="UTF-8"?>
<!-- Generated by org.testng.reporters.JUnitReportReporter -->
<testsuite hostname="DESKTOP-I03TGG4" failures="0" tests="1" name="AssertPractices.Hardasert" time="0.018" errors="0" timestamp="2022-05-10T15:18:28 IST" skipped="0">
  <testcase classname="AssertPractices.Hardasert" name="test4" time="0.018"/>
  <system-out/>
</testsuite> <!-- AssertPractices.Hardasert -->
