<?xml version="1.0" encoding="UTF-8"?>
<!-- Generated by org.testng.reporters.JUnitReportReporter -->
<testsuite hostname="DESKTOP-I03TGG4" failures="0" tests="2" name="keywords.TimeOuts" time="4.031" errors="0" timestamp="2022-05-05T16:54:56 IST" skipped="0">
  <testcase classname="keywords.TimeOuts" name="HomePage" time="4.026"/>
  <system-out/>
  <testcase classname="keywords.TimeOuts" name="ProfilePage" time="0.005"/>
  <system-out/>
</testsuite> <!-- keywords.TimeOuts -->
